<?xml version="1.0" encoding="UTF-8"?>
<!-- Generated by org.testng.reporters.JUnitReportReporter -->
<testsuite hostname="Automation_JAVA" failures="0" tests="1" name="testCaseRepo.TC_004" time="18.450" errors="0" timestamp="2024-12-07T13:00:05 IST" skipped="0">
  <testcase classname="testCaseRepo.TC_004" name="ORG_003" time="18.450"/>
  <system-out/>
</testsuite> <!-- testCaseRepo.TC_004 -->
