<?xml version="1.0" encoding="UTF-8"?>
<!-- Generated by org.testng.reporters.JUnitReportReporter -->
<testsuite hostname="Automation_JAVA" failures="0" tests="1" name="testCaseRepo.TC_002" time="14.593" errors="0" timestamp="2024-12-14T13:35:23 IST" skipped="0">
  <testcase classname="testCaseRepo.TC_002" name="CON_001" time="14.593"/>
  <system-out/>
</testsuite> <!-- testCaseRepo.TC_002 -->
