<?xml version="1.0" encoding="UTF-8"?>
<!-- Generated by org.testng.reporters.JUnitReportReporter -->
<testsuite hostname="Automation_JAVA" failures="0" tests="7" name="Frameworkpracflipkart.SampleTestNG" time="0.022" errors="0" timestamp="2024-11-09T13:31:12 IST" skipped="1">
  <testcase classname="Frameworkpracflipkart.SampleTestNG" name="ModifiedUser" time="0.002"/>
  <system-out/>
  <testcase classname="Frameworkpracflipkart.SampleTestNG" name="CreateUser" time="0.002"/>
  <system-out/>
  <testcase classname="Frameworkpracflipkart.SampleTestNG" name="CreateUser" time="0.001"/>
  <system-out/>
  <testcase classname="Frameworkpracflipkart.SampleTestNG" name="CreateUser" time="0.001"/>
  <system-out/>
  <testcase classname="Frameworkpracflipkart.SampleTestNG" name="CreateUser" time="0.001"/>
  <system-out/>
  <testcase classname="Frameworkpracflipkart.SampleTestNG" name="CreateUser" time="0.015"/>
  <system-out/>
  <testcase classname="Frameworkpracflipkart.SampleTestNG" name="enabled">
    <skipped/>
  </testcase> <!-- enabled -->
  <system-out/>
</testsuite> <!-- Frameworkpracflipkart.SampleTestNG -->
